SF:lib/bird_calc/logic.dart
DA:7,6
DA:14,4
DA:29,4
DA:31,2
DA:32,2
DA:33,2
DA:35,1
DA:36,3
DA:37,1
DA:38,6
DA:58,6
DA:64,2
DA:69,2
DA:70,0
DA:71,2
DA:72,2
DA:82,9
DA:84,3
DA:86,1
DA:87,3
DA:88,3
DA:89,4
DA:90,3
DA:91,3
DA:94,1
DA:95,4
DA:96,3
DA:97,3
DA:98,3
LF:29
LH:28
end_of_record
SF:lib/bird_calc/bird_calc_page.dart
DA:13,0
DA:19,3
DA:22,3
DA:24,3
DA:26,3
DA:27,3
DA:28,3
DA:32,3
DA:33,6
DA:34,3
DA:35,3
DA:36,3
DA:37,6
DA:38,6
DA:39,3
DA:40,3
DA:41,3
DA:43,3
DA:44,3
DA:47,3
DA:48,3
DA:49,6
DA:50,3
DA:51,9
DA:52,3
DA:53,3
DA:56,3
DA:63,6
DA:77,3
DA:81,3
DA:83,3
DA:85,3
DA:88,3
DA:89,3
DA:90,9
DA:95,3
DA:97,3
DA:99,3
DA:101,3
DA:110,3
DA:113,3
DA:115,3
DA:117,3
DA:119,3
DA:121,3
DA:122,6
DA:123,6
DA:124,3
DA:125,3
DA:126,3
DA:127,3
DA:131,3
DA:132,3
DA:133,6
DA:134,9
DA:135,3
DA:136,9
DA:137,3
DA:138,1
DA:139,3
DA:140,2
DA:145,3
DA:156,3
DA:159,3
DA:161,3
DA:163,3
DA:166,3
DA:167,3
DA:169,3
DA:171,3
DA:176,3
DA:177,6
DA:178,6
DA:179,3
DA:180,3
DA:181,3
DA:182,3
DA:183,6
DA:184,6
LF:79
LH:78
end_of_record
SF:lib/main.dart
DA:7,0
DA:8,0
DA:11,3
DA:12,4
DA:13,4
DA:16,2
DA:19,1
DA:21,1
DA:23,2
LF:9
LH:7
end_of_record
